2012-02-06T06:19:18.593Z     1         59 dns:www.bjfu.edu.cn P http://www.bjfu.edu.cn/ text/dns #045 20120206061917343+891 sha1:RZNOD4Y67AMFRCVKWOAXEYZO6ZMULXEU - -
2012-02-06T06:19:22.656Z   404       1308 http://www.bjfu.edu.cn/robots.txt P http://www.bjfu.edu.cn/ text/html #046 20120206061922203+422 sha1:MRXRBEASXLAAB7Q3YWHUBUIS652IH4RK - -
2012-02-06T06:19:26.218Z   200      21215 http://www.bjfu.edu.cn/ - - text/html #046 20120206061924656+1406 sha1:2VUY3OMIC7WWCXACQ7SQSPWS7HJGKUGZ - 3t
2012-02-06T06:19:27.390Z     1         59 dns:download.macromedia.com EP http://download.macromedia.com/pub/shockwave/cabs/flash/swflash.cab text/dns #008 20120206061926218+1172 sha1:VENSP4KVOUYCYGGZFTYI4HODUTXRRFU3 - -
2012-02-06T06:19:32.500Z   200         26 http://download.macromedia.com/robots.txt EP http://download.macromedia.com/pub/shockwave/cabs/flash/swflash.cab text/plain #008 20120206061932093+375 sha1:MNSXZO35OCDMK2YM2TS4NGM3W2BWMSDI - -
2012-02-06T06:19:32.796Z   200      21215 http://www.bjfu.edu.cn/index.htm R http://www.bjfu.edu.cn/ text/html #049 20120206061931843+875 sha1:2VUY3OMIC7WWCXACQ7SQSPWS7HJGKUGZ - -
2012-02-06T06:19:34.515Z -9998          - http://download.macromedia.com/pub/shockwave/cabs/flash/swflash.cab E http://www.bjfu.edu.cn/ no-type #008 - - - 3t
2012-02-06T06:19:36.578Z   404       1308 http://www.bjfu.edu.cn/images/favicon.ico E http://www.bjfu.edu.cn/ text/html #008 20120206061936296+282 sha1:MRXRBEASXLAAB7Q3YWHUBUIS652IH4RK - -
2012-02-06T06:19:39.171Z   200      10981 http://www.bjfu.edu.cn/images/style.css E http://www.bjfu.edu.cn/ text/css #005 20120206061938578+562 sha1:ZGHM3KERT2V7KDCZIVNX6UXPHD6X6OQF - -
2012-02-06T06:19:44.718Z   200     120619 http://www.bjfu.edu.cn/images/jquery.js E http://www.bjfu.edu.cn/ application/x-javascript #044 20120206061941421+3157 sha1:LC4DY5OAZZWXABTAODF443GPVEFFOWJD - -
2012-02-06T06:19:57.609Z   200       2423 http://www.bjfu.edu.cn/images/common.js E http://www.bjfu.edu.cn/ application/x-javascript #038 20120206061957359+250 sha1:K3IOINGOKBETQYP5LNAWYZZZIBC4TWMG - -
2012-02-06T06:19:59.875Z   200        620 http://www.bjfu.edu.cn/images/default.js E http://www.bjfu.edu.cn/ application/x-javascript #038 20120206061959625+250 sha1:KFWA6LLC2ZE4KNDFJK4SYJBREXI2MNXN - -
2012-02-06T06:20:02.156Z   200        542 http://www.bjfu.edu.cn/images/li3.gif E http://www.bjfu.edu.cn/ image/gif #047 20120206062001890+250 sha1:6KWJMVTXEKCP2OXAIWONOOPK3KGVTRFE - -
2012-02-06T06:20:04.406Z   200        861 http://www.bjfu.edu.cn/images/nav_m.gif E http://www.bjfu.edu.cn/ image/gif #047 20120206062004156+250 sha1:3ZFRT7F43VSNCATI4FUY67HGFNLNGHKS - -
2012-02-06T06:20:06.796Z   200       5787 http://www.bjfu.edu.cn/images/pic1.jpg E http://www.bjfu.edu.cn/ image/jpeg #046 20120206062006406+390 sha1:P7PTODFSHMRDETL3KGRDUTSYRRXAJSBY - -
2012-02-06T06:20:09.062Z   200        313 http://www.bjfu.edu.cn/images/li.gif E http://www.bjfu.edu.cn/ image/gif #046 20120206062008812+250 sha1:4P7KW3CEMIZJ6QKJKKOYK27Q2BS4P6VQ - -
2012-02-06T06:20:11.312Z   200       1783 http://www.bjfu.edu.cn/images/pic2.jpg E http://www.bjfu.edu.cn/ image/jpeg #038 20120206062011062+250 sha1:NFEA7UUAU2HFB2GZ66SVRCXQDTMXLQIN - -
2012-02-06T06:20:14.500Z   200      33809 http://www.bjfu.edu.cn/images/content/2012/20120106160246394480.jpg E http://www.bjfu.edu.cn/ image/jpeg #038 20120206062013312+1188 sha1:JM2XTQY2YVZPCAKMYUSXOJA5JJDFIARH - -
2012-02-06T06:20:19.671Z   200       6278 http://www.bjfu.edu.cn/images/pic4.jpg E http://www.bjfu.edu.cn/ image/jpeg #049 20120206062019281+390 sha1:GXKYANO3TZDIRMEKYOG6MIXUXUKAJLX2 - -
2012-02-06T06:20:22.062Z   200       6602 http://www.bjfu.edu.cn/images/pic5.jpg E http://www.bjfu.edu.cn/ image/jpeg #029 20120206062021671+391 sha1:QQMZ4BWSWNHGDK37U4ODS4QN34T3PZKR - -
2012-02-06T06:20:24.781Z   200      16620 http://www.bjfu.edu.cn/english/ L http://www.bjfu.edu.cn/ text/html #037 20120206062024062+656 sha1:PJZUAVAYY6IDRET5USSTZVCD5FZIEW5O - -
2012-02-06T06:20:25.062Z     1         59 dns:www.macromedia.com LXP http://www.macromedia.com/go/getflashplayer text/dns #007 20120206062024781+281 sha1:FZCM7M5FGPQVM2S45BPXYJPRTN5Y2E7L - -
2012-02-06T06:20:25.078Z     1         58 dns:fpdownload.macromedia.com LXP http://fpdownload.macromedia.com/pub/shockwave/cabs/flash/swflash.cab text/dns #042 20120206062024781+297 sha1:DXK2CE72HF6H7Z7QJKSI4YNSFPU2BPAP - -
2012-02-06T06:20:27.468Z   200         26 http://fpdownload.macromedia.com/robots.txt LXP http://fpdownload.macromedia.com/pub/shockwave/cabs/flash/swflash.cab text/plain #018 20120206062027078+390 sha1:MNSXZO35OCDMK2YM2TS4NGM3W2BWMSDI - -
2012-02-06T06:20:28.843Z   200      16620 http://www.bjfu.edu.cn/english/index.htm LR http://www.bjfu.edu.cn/english/ text/html #045 20120206062027406+1390 sha1:PJZUAVAYY6IDRET5USSTZVCD5FZIEW5O - -
2012-02-06T06:20:29.484Z -9998          - http://fpdownload.macromedia.com/pub/shockwave/cabs/flash/swflash.cab LX http://www.bjfu.edu.cn/english/ no-type #018 - - - 3t
2012-02-06T06:20:30.546Z   301        239 http://www.macromedia.com/robots.txt LXP http://www.macromedia.com/go/getflashplayer text/html #009 20120206062027062+3484 sha1:5H5MF2CFFF4ENJS6I7MBTT2HG652XTKN - -
2012-02-06T06:20:30.796Z     1         57 dns:www.adobe.com LXPRP http://www.adobe.com/robots.txt text/dns #047 20120206062030546+250 sha1:JTA7ZQZHJUFCKTHRXQOPQZ5BPUSRPIOT - -
2012-02-06T06:20:33.671Z   200       5199 http://www.adobe.com/robots.txt LXPR http://www.macromedia.com/robots.txt text/plain #047 20120206062032796+860 sha1:UF47V2FOH2GRT4F5KLPXAPWKTHGKJ2XO - 2t
2012-02-06T06:20:34.671Z   404       1308 http://www.bjfu.edu.cn/images/en/about-over.jpg LX http://www.bjfu.edu.cn/english/ text/html #038 20120206062034406+265 sha1:MRXRBEASXLAAB7Q3YWHUBUIS652IH4RK - -
2012-02-06T06:20:36.921Z   404       1308 http://www.bjfu.edu.cn/images/en/services-over.jpg LX http://www.bjfu.edu.cn/english/ text/html #038 20120206062036671+250 sha1:MRXRBEASXLAAB7Q3YWHUBUIS652IH4RK - -
2012-02-06T06:20:39.171Z   404       1308 http://www.bjfu.edu.cn/images/en/partners-over.jpg LX http://www.bjfu.edu.cn/english/ text/html #038 20120206062038921+250 sha1:MRXRBEASXLAAB7Q3YWHUBUIS652IH4RK - -
2012-02-06T06:20:41.437Z   404       1308 http://www.bjfu.edu.cn/images/en/solutions-over.jpg LX http://www.bjfu.edu.cn/english/ text/html #038 20120206062041187+250 sha1:MRXRBEASXLAAB7Q3YWHUBUIS652IH4RK - -
2012-02-06T06:20:43.703Z   404       1308 http://www.bjfu.edu.cn/images/en/contact-over.jpg LX http://www.bjfu.edu.cn/english/ text/html #038 20120206062043437+266 sha1:MRXRBEASXLAAB7Q3YWHUBUIS652IH4RK - -
2012-02-06T06:20:45.000Z   301          0 http://www.macromedia.com/go/getflashplayer LX http://www.bjfu.edu.cn/english/ text/html #018 20120206062044484+516 sha1:3I42H3S6NNFQ2MSVX7XZKYAYSCX5QBYJ - 3t
2012-02-06T06:20:45.562Z     1         58 dns:get.adobe.com LXRP http://get.adobe.com/flashplayer text/dns #043 20120206062045000+562 sha1:JEPP2QRHS5OOYZDVOT6V2QZYXGS2VAGE - -
2012-02-06T06:20:46.093Z   200       4605 http://www.bjfu.edu.cn/images/en/styles.css LE http://www.bjfu.edu.cn/english/ text/css #038 20120206062045703+390 sha1:7WLOGSQW563CI6ZVVDHAMUW4D55ER4XI - -
2012-02-06T06:20:48.359Z   200        362 http://www.bjfu.edu.cn/images/en/top1.gif LE http://www.bjfu.edu.cn/english/ image/gif #002 20120206062048093+266 sha1:ZUU3JJRER7NNSQWS3GC6LDJA5N5FMYER - -
2012-02-06T06:20:50.640Z   200         90 http://www.bjfu.edu.cn/images/en/top2.gif LE http://www.bjfu.edu.cn/english/ image/gif #002 20120206062050375+265 sha1:TXE6CPQRMR57OQYYVRK5WL3FZLM3WYDU - -
2012-02-06T06:20:50.750Z   404      37444 http://get.adobe.com/robots.txt LXRP http://get.adobe.com/flashplayer text/html #049 20120206062047828+2828 sha1:Y2RRYQ74PA6E6HPBTWSAVZUIQID5LSGH - -
2012-02-06T06:20:52.890Z   200        345 http://www.bjfu.edu.cn/images/en/top3.gif LE http://www.bjfu.edu.cn/english/ image/gif #002 20120206062052640+250 sha1:ZFDILAUMUKVGEZNMEDVG6I7C7EBYSKZ7 - -
2012-02-06T06:20:55.156Z   200         87 http://www.bjfu.edu.cn/images/en/left1.gif LE http://www.bjfu.edu.cn/english/ image/gif #002 20120206062054890+266 sha1:KPV3VTNFN4AV3IF2PLNGSHTIHBN2ZXRL - -
2012-02-06T06:20:58.406Z   200      18004 http://www.bjfu.edu.cn/images/en/logo.gif LE http://www.bjfu.edu.cn/english/ image/gif #040 20120206062057156+1250 sha1:4QYDEDZ4UTECYJWBCATCLEGKFMFZU23S - -
2012-02-06T06:21:02.859Z   301        241 http://get.adobe.com/flashplayer LXR http://www.macromedia.com/go/getflashplayer text/html #037 20120206062102062+781 sha1:PV2AVUSKNA3SW6MADS7VB6NZHD2Y27OW - 3t
2012-02-06T06:21:03.656Z   200       1698 http://www.bjfu.edu.cn/images/en/mid1.gif LE http://www.bjfu.edu.cn/english/ image/gif #040 20120206062103406+250 sha1:5LHK5XPETNDI74HYV2H44CR4MBSF2SX6 - -
2012-02-06T06:21:06.046Z   200       4186 http://www.bjfu.edu.cn/images/en/about.gif LE http://www.bjfu.edu.cn/english/ image/gif #040 20120206062105656+390 sha1:V2GASTEPPFZOYO7RDIA7HYVXC5LDIFGK - -
2012-02-06T06:21:08.437Z   200       4409 http://www.bjfu.edu.cn/images/en/contact.gif LE http://www.bjfu.edu.cn/english/ image/gif #040 20120206062108046+391 sha1:UVQBXEPPWYP4IC2X7U2SUITNK2DEPHCN - -
2012-02-06T06:21:09.031Z   200      37924 http://get.adobe.com/flashplayer/ LXRR http://get.adobe.com/flashplayer text/html #047 20120206062105984+2984 sha1:R7MSLYBQWEQ5D6ZFP35MA22RCMZ73OZH - -
2012-02-06T06:21:10.828Z   200       4651 http://www.bjfu.edu.cn/images/en/chinese.gif LE http://www.bjfu.edu.cn/english/ image/gif #040 20120206062110437+391 sha1:B63YGZUFRS2VQRMKZZGB4AR4JW7QQOFZ - -
2012-02-06T06:21:13.093Z   200         66 http://www.bjfu.edu.cn/images/en/space.gif LE http://www.bjfu.edu.cn/english/ image/gif #040 20120206062112828+265 sha1:YL5KCFTH3DEXRRAJBSMROFLNLSKSMIV7 - -
2012-02-06T06:21:15.375Z   200        102 http://www.bjfu.edu.cn/images/en/space2.gif LE http://www.bjfu.edu.cn/english/ image/gif #040 20120206062115093+282 sha1:23727IKRCTEII3QFMVMLWM74WSIBBTRP - -
2012-02-06T06:21:28.250Z   200     241450 http://www.bjfu.edu.cn/images/en/pic1.jpg LX http://www.bjfu.edu.cn/english/ image/jpeg #040 20120206062117375+10859 sha1:FNYB4WFAKNFYS2GPKFBOKZMFX577ARRA - -
2012-02-06T06:21:52.546Z   200     120916 http://www.bjfu.edu.cn/images/en/pic2.jpg LX http://www.bjfu.edu.cn/english/ image/jpeg #040 20120206062148250+4281 sha1:TYDM6YF5J5WKR4A2UMM7QUQTIQONKMUN - -
2012-02-06T06:22:14.562Z   200     162357 http://www.bjfu.edu.cn/images/en/pic3.jpg LX http://www.bjfu.edu.cn/english/ image/jpeg #014 20120206062209671+4891 sha1:QIMFS4BLY7XTTK4QVWXVQ5P5MMD6SQB3 - -
2012-02-06T06:22:38.812Z   200     189711 http://www.bjfu.edu.cn/images/en/pic4.jpg LX http://www.bjfu.edu.cn/english/ image/jpeg #037 20120206062234140+4656 sha1:KWLPZ2V2VFAR54UE4DY4CMG56GR6I3QX - -
2012-02-06T06:23:01.250Z   200     163790 http://www.bjfu.edu.cn/images/en/pic5.jpg LX http://www.bjfu.edu.cn/english/ image/jpeg #002 20120206062257437+3797 sha1:OUXLY3DMKDLPJD2YVUVWPAVUP7RDWZVG - -
2012-02-06T06:23:19.953Z   200     116453 http://www.bjfu.edu.cn/images/en/pic6.jpg LX http://www.bjfu.edu.cn/english/ image/jpeg #047 20120206062316453+3500 sha1:3FGTLYT2QAPSIJSHOVZPQVXPEHQTXLTW - -
2012-02-06T06:23:36.843Z   200     109285 http://www.bjfu.edu.cn/images/en/pic7.jpg LX http://www.bjfu.edu.cn/english/ image/jpeg #037 20120206062333953+2875 sha1:R4N5LEHAWTKBQBUNK766OIEF6UO5UTKD - -
2012-02-06T06:23:54.937Z   200     182620 http://www.bjfu.edu.cn/images/en/pic8.jpg LX http://www.bjfu.edu.cn/english/ image/jpeg #047 20120206062348343+6578 sha1:5WSFNXIG7SVTLBRN6WWVHW6P5WLC6XTA - -
2012-02-06T06:24:15.593Z   200      10305 http://www.bjfu.edu.cn/images/en/pixviewer.swf LX http://www.bjfu.edu.cn/english/ application/x-shockwave-flash #002 20120206062414937+531 sha1:THHT3UTIJFROJCPMZG3R5HMOCYQDNAH4 - -
2012-02-06T06:24:17.984Z   404       1308 http://www.bjfu.edu.cn/english/application/x-shockwave-flash LX http://www.bjfu.edu.cn/english/ text/html #010 20120206062417718+266 sha1:MRXRBEASXLAAB7Q3YWHUBUIS652IH4RK - -
2012-02-06T06:24:20.281Z   200        111 http://www.bjfu.edu.cn/images/en/space3.gif LE http://www.bjfu.edu.cn/english/ image/gif #010 20120206062420015+266 sha1:ROUEZDSV6DMULYSS7JFDIOPLJETLXGCE - -
2012-02-06T06:24:22.593Z   200       1111 http://www.bjfu.edu.cn/images/en/generalinfo.gif LE http://www.bjfu.edu.cn/english/ image/gif #010 20120206062422296+297 sha1:YTH6XRSDR6DZQM7VL4ZQXSKWKJP7CHGX - -
2012-02-06T06:24:24.859Z   200        524 http://www.bjfu.edu.cn/images/en/item.gif LE http://www.bjfu.edu.cn/english/ image/gif #018 20120206062424593+266 sha1:ACAE4LUCK24JADXGLFDGYKYS4ILIEBNX - -
2012-02-06T06:24:27.125Z   200         43 http://www.bjfu.edu.cn/images/en/space4.gif LE http://www.bjfu.edu.cn/english/ image/gif #018 20120206062426859+266 sha1:C2IULLEO6H3MSSDOXXFSIVPBSRXOR2CB - -
2012-02-06T06:24:29.531Z   200       6225 http://www.bjfu.edu.cn/images/en/item4.gif LE http://www.bjfu.edu.cn/english/ image/gif #018 20120206062429140+391 sha1:EKP6WRPHYQILHWDZDB5XC7WBTTXDYYBA - -
2012-02-06T06:24:31.812Z   200        846 http://www.bjfu.edu.cn/images/en/news.gif LE http://www.bjfu.edu.cn/english/ image/gif #018 20120206062431531+281 sha1:5GFZXF2WFNQKP4W74H7SJMWMTJE2PY2C - -
2012-02-06T06:24:34.406Z   200       7342 http://www.bjfu.edu.cn/images/en/item5.gif LE http://www.bjfu.edu.cn/english/ image/gif #040 20120206062433812+594 sha1:ZV3RT4WANYZDNX5IAHEXHDR4T73B44SH - -
2012-02-06T06:24:37.062Z   200         87 http://www.bjfu.edu.cn/images/en/right1.gif LE http://www.bjfu.edu.cn/english/ image/gif #045 20120206062436796+266 sha1:D7A2TLKV7C6FMVYNZXUOK3MSFJ4STBF5 - -
2012-02-06T06:24:39.343Z   200        336 http://www.bjfu.edu.cn/images/en/down1.gif LE http://www.bjfu.edu.cn/english/ image/gif #045 20120206062439062+281 sha1:2E7HY2RQ4UW53B3EXMT5PONUJODY3ZJD - -
2012-02-06T06:24:41.609Z   200         83 http://www.bjfu.edu.cn/images/en/down2.gif LE http://www.bjfu.edu.cn/english/ image/gif #045 20120206062441343+266 sha1:UUN5ATAXNE7UVRSSYRVIQRPVKXFIXFKX - -
2012-02-06T06:24:43.890Z   200        330 http://www.bjfu.edu.cn/images/en/down3.gif LE http://www.bjfu.edu.cn/english/ image/gif #045 20120206062443609+281 sha1:P6X5XTHASFZ7SCQNTO2HNHOTWBV3J4GA - -
2012-02-06T06:24:46.578Z   200      13399 http://www.bjfu.edu.cn/xxgk/ L http://www.bjfu.edu.cn/ text/html #045 20120206062445890+641 sha1:V7C2RSZ3EGSVIT2L4EUQPPSAYCN6ZXR4 - -
2012-02-06T06:24:49.875Z   200      13399 http://www.bjfu.edu.cn/xxgk/index.htm LR http://www.bjfu.edu.cn/xxgk/ text/html #012 20120206062449156+672 sha1:V7C2RSZ3EGSVIT2L4EUQPPSAYCN6ZXR4 - -
2012-02-06T06:24:52.828Z   200        716 http://www.bjfu.edu.cn/images/location.jpg LE http://www.bjfu.edu.cn/xxgk/ image/jpeg #040 20120206062452578+250 sha1:662FNR64OIMICEVCPEDLEE7PK3J4MGEY - -
2012-02-06T06:24:55.093Z   200        100 http://www.bjfu.edu.cn/images/li1.gif LE http://www.bjfu.edu.cn/xxgk/ image/gif #040 20120206062454828+265 sha1:XZQH5ZLP22RHFO44DPA4HN6PX5UW2PAP - -
2012-02-06T06:24:57.515Z   200       5710 http://www.bjfu.edu.cn/images/wzjs2.png LE http://www.bjfu.edu.cn/xxgk/ image/png #040 20120206062457109+406 sha1:G4UFK3GKUB6SKQ2YS3G2JDLRP4G3PE2T - -
2012-02-06T06:24:59.781Z   200        818 http://www.bjfu.edu.cn/images/wzjs.png LE http://www.bjfu.edu.cn/xxgk/ image/png #031 20120206062459515+266 sha1:N2VMBGLLK4EV5HAQOUHT2BHAD54YOYC6 - -
2012-02-06T06:25:02.046Z   200        998 http://www.bjfu.edu.cn/images/search.jpg LE http://www.bjfu.edu.cn/xxgk/ image/jpeg #031 20120206062501781+265 sha1:33L5X5LAUZZMFFCZLU3IKMB3V7JMGPGX - -
2012-02-06T06:25:04.437Z   200       6707 http://www.bjfu.edu.cn/images/xylj2.jpg LE http://www.bjfu.edu.cn/xxgk/ image/jpeg #012 20120206062504046+391 sha1:DPFYU4H7WNEKUU3YBKRZRJUEKDWVK23X - -
2012-02-06T06:25:06.703Z   200        762 http://www.bjfu.edu.cn/images/xylj.png LE http://www.bjfu.edu.cn/xxgk/ image/png #012 20120206062506437+250 sha1:CZ4WJPX4PSA54EJ42M2ELZGQ7CRI55EU - -
2012-02-06T06:25:09.531Z   200      15997 http://www.bjfu.edu.cn/xxgk/29682.htm L http://www.bjfu.edu.cn/ text/html #001 20120206062508703+734 sha1:SSIIOIX3XY45JY6KC35JLXVF6BX6662U - -
2012-02-06T06:25:09.562Z     1         59 dns:cms.bjfu.edu.cn LEP http://cms.bjfu.edu.cn/cms/web/count.jsp?articleID=29682 text/dns #011 20120206062509531+15 sha1:GHIMJXK25TYPQ5WSXKLAZO6QNSPI5OEZ - -
2012-02-06T06:25:11.640Z   404        983 http://cms.bjfu.edu.cn/robots.txt LEP http://cms.bjfu.edu.cn/cms/web/count.jsp?articleID=29682 text/html #030 20120206062511562+78 sha1:NYR35SV63LX2LC4C6V2CMSK6ILM3TFRC - -
2012-02-06T06:25:13.140Z   200      14893 http://www.bjfu.edu.cn/images/tjyd2.jpg LE http://www.bjfu.edu.cn/xxgk/29682.htm image/jpeg #002 20120206062512468+672 sha1:O3536LKMFLPTJLVGJYQ6ALEDH2QLNKEE - -
2012-02-06T06:25:13.750Z   200         44 http://cms.bjfu.edu.cn/cms/web/count.jsp?articleID=29682 LE http://www.bjfu.edu.cn/xxgk/29682.htm text/html #030 20120206062513656+94 sha1:HSUSPZPUHM2XAUPQEGRF7TZTEZ6TW32X - 3t
2012-02-06T06:25:15.812Z   500       2091 http://cms.bjfu.edu.cn/cms/web/writeLog.jsp?articleID=29682 LE http://www.bjfu.edu.cn/xxgk/29682.htm text/html #017 20120206062515750+62 sha1:EY6HV6QXJ4BI25TW66723FES5CHKAJ4D - -
2012-02-06T06:25:16.078Z   200       1189 http://www.bjfu.edu.cn/images/tjyd.png LE http://www.bjfu.edu.cn/xxgk/29682.htm image/png #012 20120206062515828+250 sha1:WWLV3AOC7SBYRADJVYX3SGJFT42RBFQ4 - -
2012-02-06T06:25:20.359Z   200      39275 http://www.bjfu.edu.cn/images/xgzt2.jpg LE http://www.bjfu.edu.cn/xxgk/29682.htm image/jpeg #043 20120206062518078+2281 sha1:GJXTSD5HGZA5AJXG63DZKWGUJ4BUI2IN - -
2012-02-06T06:25:29.734Z   200        936 http://www.bjfu.edu.cn/images/xgzt.png LE http://www.bjfu.edu.cn/xxgk/29682.htm image/png #043 20120206062529484+250 sha1:MXWWTSVTSZWHHJZ2D4Q5LPA2MWYBTNIQ - -
2012-02-06T06:25:32.703Z   200      26546 http://www.bjfu.edu.cn/xxgk/1001.htm L http://www.bjfu.edu.cn/ text/html #018 20120206062531750+906 sha1:XIAL6FCMG6TBFHH2PDWLSSVQMWLWBE2Y - -
2012-02-06T06:25:32.781Z   200         44 http://cms.bjfu.edu.cn/cms/web/count.jsp?articleID=1001 LE http://www.bjfu.edu.cn/xxgk/1001.htm text/html #010 20120206062532703+78 sha1:FC2XNMHTHEF7USIHYFNVGYMUSJFSWUZ3 - -
2012-02-06T06:25:34.875Z   500       2091 http://cms.bjfu.edu.cn/cms/web/writeLog.jsp?articleID=1001 LE http://www.bjfu.edu.cn/xxgk/1001.htm text/html #007 20120206062534781+94 sha1:EY6HV6QXJ4BI25TW66723FES5CHKAJ4D - -
2012-02-06T06:25:37.046Z   200      16358 http://www.bjfu.edu.cn/xxgk/1002.htm L http://www.bjfu.edu.cn/ text/html #045 20120206062536328+672 sha1:ZG2OXTCTVAKJ2NTB7D72R6X6P3Z6QVH5 - -
2012-02-06T06:25:37.125Z   200         44 http://cms.bjfu.edu.cn/cms/web/count.jsp?articleID=1002 LE http://www.bjfu.edu.cn/xxgk/1002.htm text/html #024 20120206062537046+79 sha1:QNYQUZTWJXQPUWRMGZPOMOGFJD5NYOHB - -
2012-02-06T06:25:39.187Z   500       2091 http://cms.bjfu.edu.cn/cms/web/writeLog.jsp?articleID=1002 LE http://www.bjfu.edu.cn/xxgk/1002.htm text/html #006 20120206062539125+62 sha1:EY6HV6QXJ4BI25TW66723FES5CHKAJ4D - -
2012-02-06T06:25:40.625Z   200      23233 http://www.bjfu.edu.cn/xxgk/57593.htm L http://www.bjfu.edu.cn/ text/html #018 20120206062539734+844 sha1:GAEAZJF7QPF5ZBHDZVYT6V77OLAZ5CHW - -
2012-02-06T06:25:41.265Z   200         43 http://cms.bjfu.edu.cn/cms/web/count.jsp?articleID=57593 LE http://www.bjfu.edu.cn/xxgk/57593.htm text/html #034 20120206062541187+78 sha1:AK2XSDK4LGIQOXK2QBUVHOFSKGSNELXF - -
2012-02-06T06:25:43.343Z   500       2091 http://cms.bjfu.edu.cn/cms/web/writeLog.jsp?articleID=57593 LE http://www.bjfu.edu.cn/xxgk/57593.htm text/html #006 20120206062543265+78 sha1:EY6HV6QXJ4BI25TW66723FES5CHKAJ4D - -
2012-02-06T06:25:44.546Z   200       9818 http://www.bjfu.edu.cn/images/content/2007/20101103090405778541.jpg LE http://www.bjfu.edu.cn/xxgk/57593.htm image/jpeg #016 20120206062544015+531 sha1:ZGF7RKW7AWJ45LFRKQTURE7TAJDMTDGH - -
2012-02-06T06:25:48.328Z   200       9796 http://www.bjfu.edu.cn/images/content/2007/20101103090405779662.jpg LE http://www.bjfu.edu.cn/xxgk/57593.htm image/jpeg #047 20120206062546687+1641 sha1:VYFU6NCKY6XZA6TCQM7NTQSLO6CT3BPQ - -
2012-02-06T06:25:55.421Z   200       8016 http://www.bjfu.edu.cn/images/content/2007/20101103090405717874.jpg LE http://www.bjfu.edu.cn/xxgk/57593.htm image/jpeg #037 20120206062554906+515 sha1:Q72CX5Z63JF526PVJL65Y5JJ3XMDCS7I - -
2012-02-06T06:25:58.031Z   200       9259 http://www.bjfu.edu.cn/images/content/2007/20101103090405771253.jpg LE http://www.bjfu.edu.cn/xxgk/57593.htm image/jpeg #019 20120206062557484+547 sha1:ICWOWHL5LLLTN5WMY75TGFGVDK4VSSC2 - -
2012-02-06T06:26:00.937Z   200      16921 http://www.bjfu.edu.cn/images/content/2007/20101103090405748096.gif LE http://www.bjfu.edu.cn/xxgk/57593.htm image/gif #001 20120206062600234+703 sha1:M5HZSOCVNXQ6ZZD7Y545VNHZ22UJ74FO - -
2012-02-06T06:26:04.546Z   200      19580 http://www.bjfu.edu.cn/images/content/2007/20101103090405745968.gif LE http://www.bjfu.edu.cn/xxgk/57593.htm image/gif #049 20120206062603750+796 sha1:YWOP2SO5IB2TMTUIKQIPXXPIDJPNQ7VR - -
2012-02-06T06:26:08.562Z   200      21294 http://www.bjfu.edu.cn/images/content/2007/20101103090405772314.gif LE http://www.bjfu.edu.cn/xxgk/57593.htm image/gif #012 20120206062607734+812 sha1:OWKK6DKMDAXVM2USAAZXP5FUFXATCQVX - -
2012-02-06T06:26:12.625Z   200      19202 http://www.bjfu.edu.cn/images/content/2007/20101103090405768118.gif LE http://www.bjfu.edu.cn/xxgk/57593.htm image/gif #016 20120206062611812+813 sha1:KJL6BR3EBHLSY6D4KHCQMQ5L3GPS5NLT - -
2012-02-06T06:26:16.390Z   200       9524 http://www.bjfu.edu.cn/images/content/2007/20101103090405773442.gif LE http://www.bjfu.edu.cn/xxgk/57593.htm image/gif #009 20120206062615890+500 sha1:AJDIPO6YSK7BAPHMWWX6CK32AXOJ6YSX - -
2012-02-06T06:26:18.812Z   200       4033 http://www.bjfu.edu.cn/english/images.html L http://www.bjfu.edu.cn/ text/html #009 20120206062618390+406 sha1:MXPY6OLDKOQZ4ZA3PF3VRXDML5ETUUI7 - -
2012-02-06T06:26:21.078Z   404       1308 http://www.bjfu.edu.cn/images/favicon.gif LE http://www.bjfu.edu.cn/english/images.html text/html #037 20120206062620812+266 sha1:MRXRBEASXLAAB7Q3YWHUBUIS652IH4RK - -
2012-02-06T06:26:23.484Z   200       4338 http://www.bjfu.edu.cn/english/css/screen.css LE http://www.bjfu.edu.cn/english/images.html text/css #037 20120206062623078+390 sha1:KVHCVLDNBJ3FGIXCSS65C4KMWIV6FNRZ - -
2012-02-06T06:26:25.765Z   200       2027 http://www.bjfu.edu.cn/english/css/lightbox.css LE http://www.bjfu.edu.cn/english/images.html text/css #019 20120206062625484+266 sha1:XV73CUX7CQHGJER2P4XW7KQEC2JW6IME - -
2012-02-06T06:26:29.468Z   200      49387 http://www.bjfu.edu.cn/english/js/prototype.js LE http://www.bjfu.edu.cn/english/images.html application/x-javascript #019 20120206062627765+1625 sha1:5JD2TNBJFTKRCG4CB46PZOQ3UD4TCA6K - -
2012-02-06T06:26:36.250Z   200       2196 http://www.bjfu.edu.cn/english/js/scriptaculous.js?load=effects LE http://www.bjfu.edu.cn/english/images.html application/x-javascript #012 20120206062635968+282 sha1:ZJ6TZ3GQQ7CPS4SJKR4ZNUW7TWNWAGTB - -
2012-02-06T06:26:39.171Z   200      20701 http://www.bjfu.edu.cn/english/js/lightbox.js LE http://www.bjfu.edu.cn/english/images.html application/x-javascript #012 20120206062638250+890 sha1:J3VBDSNCYAW25MZRPXUFAOT4YMEFJ2BR - -
2012-02-06T06:26:43.296Z   200      13899 http://www.bjfu.edu.cn/english/images/top1.jpg LE http://www.bjfu.edu.cn/english/images.html image/jpeg #037 20120206062642734+562 sha1:Q4ND4RFKFHUC4ZYFEZGWSYI7W5MXMD6M - -
2012-02-06T06:26:46.953Z   200      21852 http://www.bjfu.edu.cn/english/images/top2.jpg LE http://www.bjfu.edu.cn/english/images.html image/jpeg #005 20120206062645546+1407 sha1:7ILNGNAJETGBJEKID4K36VBT7JNSPLLE - -
2012-02-06T06:26:55.125Z   200      32473 http://www.bjfu.edu.cn/english/images/top3.jpg LE http://www.bjfu.edu.cn/english/images.html image/jpeg #002 20120206062652593+2532 sha1:5HJ7QNJ35Q33JEOKFCTOUCFWT5U5DKT5 - -
2012-02-06T06:27:05.687Z   200       6023 http://www.bjfu.edu.cn/english/images/s1.gif LE http://www.bjfu.edu.cn/english/images.html image/gif #007 20120206062705265+422 sha1:ITFOXLXF7TU36ZKN6FAVF6MRRHDHCAZ5 - -
2012-02-06T06:27:08.109Z   200       6375 http://www.bjfu.edu.cn/english/images/s2.gif LE http://www.bjfu.edu.cn/english/images.html image/gif #007 20120206062707687+422 sha1:ESGLNXTBH6KOQPJ4XG5VTLEN7WCPTZI6 - -
2012-02-06T06:27:10.500Z   200       5598 http://www.bjfu.edu.cn/english/images/s3.gif LE http://www.bjfu.edu.cn/english/images.html image/gif #007 20120206062710109+391 sha1:EGJFXI6IBKSKXWUFEU73X5DEOJMUAXYN - -
2012-02-06T06:27:12.906Z   200       6057 http://www.bjfu.edu.cn/english/images/s4.gif LE http://www.bjfu.edu.cn/english/images.html image/gif #011 20120206062712500+406 sha1:MUM2M43NIWU73MVRU7YAE5FBH7HJJRV7 - -
2012-02-06T06:27:15.421Z   200       5942 http://www.bjfu.edu.cn/english/images/s5.gif LE http://www.bjfu.edu.cn/english/images.html image/gif #011 20120206062714906+515 sha1:U2CJT52RDS32Y5BKBIQCIAEXPVTYROCK - -
2012-02-06T06:27:17.921Z   200       6054 http://www.bjfu.edu.cn/english/images/s6.gif LE http://www.bjfu.edu.cn/english/images.html image/gif #010 20120206062717500+421 sha1:5JQHNNHJLNACHSVQ3LO7KMH432BGNMZ7 - -
2012-02-06T06:27:20.328Z   200       5506 http://www.bjfu.edu.cn/english/images/s7.gif LE http://www.bjfu.edu.cn/english/images.html image/gif #010 20120206062719921+407 sha1:5DG44A5EEHMJ2N34YQWI3LXA2IY2LSNI - -
2012-02-06T06:27:22.750Z   200       5746 http://www.bjfu.edu.cn/english/images/s8.gif LE http://www.bjfu.edu.cn/english/images.html image/gif #031 20120206062722328+422 sha1:UXOFEUNX2EI4WZYBGVXJW2TDM6SQBD7D - -
2012-02-06T06:27:25.156Z   200       6177 http://www.bjfu.edu.cn/english/images/g1.gif LE http://www.bjfu.edu.cn/english/images.html image/gif #007 20120206062724750+406 sha1:RDNVAO4MN732U2T2GCYSBRCEV7PWKYQE - -
2012-02-06T06:27:27.578Z   200       5729 http://www.bjfu.edu.cn/english/images/g2.gif LE http://www.bjfu.edu.cn/english/images.html image/gif #007 20120206062727171+407 sha1:6UA4PHCNJG3T6LX5XJZMG36LFR7KPTL7 - -
2012-02-06T06:27:29.968Z   200       6460 http://www.bjfu.edu.cn/english/images/g3.gif LE http://www.bjfu.edu.cn/english/images.html image/gif #007 20120206062729578+390 sha1:SYR5BLGZEDQ2VVO2NR2ZH374TL3YTJ4Z - -
2012-02-06T06:27:32.375Z   200       5580 http://www.bjfu.edu.cn/english/images/g4.gif LE http://www.bjfu.edu.cn/english/images.html image/gif #049 20120206062731968+407 sha1:HYXGUM7GRLKNYUNTOBXPFVTQ6XLYBM3J - -
2012-02-06T06:27:35.078Z   200      13133 http://www.bjfu.edu.cn/xxgk/1000.htm L http://www.bjfu.edu.cn/ text/html #049 20120206062734375+656 sha1:OLA6CNOJBJMUKDVAMORTCMGS4FYYGPML - -
2012-02-06T06:27:35.171Z   200         43 http://cms.bjfu.edu.cn/cms/web/count.jsp?articleID=1000 LE http://www.bjfu.edu.cn/xxgk/1000.htm text/html #008 20120206062735078+93 sha1:UYV3F2G2IR4JPRJGHYDYQYMHMK2QFFCC - -
2012-02-06T06:27:37.250Z   500       2091 http://cms.bjfu.edu.cn/cms/web/writeLog.jsp?articleID=1000 LE http://www.bjfu.edu.cn/xxgk/1000.htm text/html #050 20120206062737171+79 sha1:EY6HV6QXJ4BI25TW66723FES5CHKAJ4D - -
2012-02-06T06:27:38.390Z   200      15503 http://www.bjfu.edu.cn/images/content/2007/20071123102942161184.gif LE http://www.bjfu.edu.cn/xxgk/1000.htm image/gif #011 20120206062737703+687 sha1:V3BYTM2FQPXPUXSQTRHGL32X646XJ4AW - -
2012-02-06T06:27:41.421Z   404       1308 http://www.bjfu.edu.cn/xxgk/images/line2.gif LE http://www.bjfu.edu.cn/xxgk/1000.htm text/html #049 20120206062741140+281 sha1:MRXRBEASXLAAB7Q3YWHUBUIS652IH4RK - -
2012-02-06T06:27:43.703Z   200         45 http://www.bjfu.edu.cn/images/line2.gif LE http://www.bjfu.edu.cn/xxgk/1000.htm image/gif #049 20120206062743421+282 sha1:RBWQNCBQXZ7OPOLIS22Q3AJIGQQKJ33X - -
2012-02-06T06:27:48.984Z   200     104812 http://www.bjfu.edu.cn/images/content/2007/20071123102949935290.gif LE http://www.bjfu.edu.cn/xxgk/1000.htm image/gif #049 20120206062745703+3265 sha1:NSPWAHEVWYEPPYVCDJLI5QOL257Z4P3Z - -
2012-02-06T06:28:02.796Z   200      15089 http://www.bjfu.edu.cn/xxgk/29683.htm L http://www.bjfu.edu.cn/ text/html #010 20120206062802046+704 sha1:U6E7ONWYNY6Q2EP3WSQYO55CTYY45QUD - -
2012-02-06T06:28:02.843Z   200         44 http://cms.bjfu.edu.cn/cms/web/count.jsp?articleID=29683 LE http://www.bjfu.edu.cn/xxgk/29683.htm text/html #018 20120206062802796+47 sha1:PRYZ2JBGPFBNQ3MGE5FGGRRKABG5LH3P - -
2012-02-06T06:28:04.937Z   500       2091 http://cms.bjfu.edu.cn/cms/web/writeLog.jsp?articleID=29683 LE http://www.bjfu.edu.cn/xxgk/29683.htm text/html #018 20120206062804843+78 sha1:EY6HV6QXJ4BI25TW66723FES5CHKAJ4D - -
2012-02-06T06:28:10.062Z   200      17844 http://www.bjfu.edu.cn/daohang/index.htm L http://www.bjfu.edu.cn/ text/html #040 20120206062805625+4390 sha1:NEENR4HGOSDGSO5V2YAASWTWRAWQVFSK - -
2012-02-06T06:28:28.156Z   200       7632 http://www.bjfu.edu.cn/daohang/images/style.css LE http://www.bjfu.edu.cn/daohang/index.htm text/css #014 20120206062827625+515 sha1:IACAMFRHXBDPSDZXIGSY477S5WGGELDR - -
2012-02-06T06:28:30.609Z   200       3581 http://www.bjfu.edu.cn/daohang/images/top1.gif LE http://www.bjfu.edu.cn/daohang/index.htm image/gif #010 20120206062830218+391 sha1:336NE37H4I2XCID5DHRIRMM2KR3T6TL5 - -
2012-02-06T06:28:33.015Z   200       3756 http://www.bjfu.edu.cn/daohang/images/top2.gif LE http://www.bjfu.edu.cn/daohang/index.htm image/gif #010 20120206062832609+406 sha1:6XSHXLJZGEWBEYEX3SY3R2KBSQ4KQ7ZF - -
2012-02-06T06:28:35.562Z   200       7648 http://www.bjfu.edu.cn/daohang/images/top3.gif LE http://www.bjfu.edu.cn/daohang/index.htm image/gif #010 20120206062835015+547 sha1:KVF2OZKHLHDJL3IZ6FIAVHWZ4E7F5DBB - -
2012-02-06T06:28:38.140Z   200       3863 http://www.bjfu.edu.cn/daohang/images/top4.gif LE http://www.bjfu.edu.cn/daohang/index.htm image/gif #005 20120206062837750+390 sha1:OCM44PHYWDJXSP6NSGGPROFZXOS2S34M - -
2012-02-06T06:28:40.531Z   200       3517 http://www.bjfu.edu.cn/daohang/images/top5.gif LE http://www.bjfu.edu.cn/daohang/index.htm image/gif #005 20120206062840140+391 sha1:6IEAHSNJNZQKEOCR7A3BDWKBZRQJD2QI - -
2012-02-06T06:28:44.062Z   200        266 http://www.bjfu.edu.cn/daohang/images/top6.gif LE http://www.bjfu.edu.cn/daohang/index.htm image/gif #005 20120206062842546+1516 sha1:BYPVWBQNYV64P6DI3EWRVCM3RDP7CDUE - -
2012-02-06T06:28:50.765Z   200      14816 http://www.bjfu.edu.cn/daohang/images/top7.gif LE http://www.bjfu.edu.cn/daohang/index.htm image/gif #016 20120206062850140+625 sha1:H2WCYBUOJLTTH7ZOOXVWOTODC5UOWDSV - -
2012-02-06T06:28:53.531Z   200        518 http://www.bjfu.edu.cn/daohang/images/top8.gif LE http://www.bjfu.edu.cn/daohang/index.htm image/gif #007 20120206062853265+266 sha1:ZAQF4CLKTOIMNFZMV67GPR33RVBCH4AQ - -
2012-02-06T06:28:55.796Z   200        301 http://www.bjfu.edu.cn/daohang/images/top9.gif LE http://www.bjfu.edu.cn/daohang/index.htm image/gif #014 20120206062855531+265 sha1:FZOQZDPJ772GOUXGZSMNX5GKTYKRSHWL - -
2012-02-06T06:28:58.046Z   404       1308 http://www.bjfu.edu.cn/daohang/link.htm LX http://www.bjfu.edu.cn/daohang/index.htm text/html #040 20120206062857796+250 sha1:MRXRBEASXLAAB7Q3YWHUBUIS652IH4RK - -
2012-02-06T06:29:00.312Z   403       1455 http://www.bjfu.edu.cn/daohang/schools/index.asp LX http://www.bjfu.edu.cn/daohang/index.htm text/html #040 20120206062900062+250 sha1:QZTDR2ZK6IJHZXE6M7FH6NGUQU72ZKJQ - -
2012-02-06T06:29:02.593Z   200       1016 http://www.bjfu.edu.cn/daohang/images/top10.gif LE http://www.bjfu.edu.cn/daohang/index.htm image/gif #040 20120206062902312+281 sha1:3YCZFPANB6W3BVPRFZ22OXBWRFQQXZHP - -
2012-02-06T06:29:04.843Z   200       1448 http://www.bjfu.edu.cn/images/focus.swf L http://www.bjfu.edu.cn/ application/x-shockwave-flash #040 20120206062904593+250 sha1:YRTK3OAZJT77BWXY6NWGBSF2ZBDVNXTI - -
2012-02-06T06:29:07.531Z   200      11974 http://www.bjfu.edu.cn/xyjd/90139.htm L http://www.bjfu.edu.cn/ text/html #040 20120206062906843+657 sha1:MCSWKE4SXJL3XK6FBLLR36CALHXONQWH - -
2012-02-06T06:29:07.609Z   200         41 http://cms.bjfu.edu.cn/cms/web/count.jsp?articleID=90139 LE http://www.bjfu.edu.cn/xyjd/90139.htm text/html #037 20120206062907531+78 sha1:IBBWGRD46BT7PF4TQA4S4ZVBUSKGYGBM - -
2012-02-06T06:29:08.265Z     1         58 dns:news.bjfu.edu.cn LXP http://news.bjfu.edu.cn/vote/ text/dns #003 20120206062907531+734 sha1:AZLR3QTZB3VQWNKX57WMRZCXF5P2AUBO - -
2012-02-06T06:29:09.703Z   500       2091 http://cms.bjfu.edu.cn/cms/web/writeLog.jsp?articleID=90139 LE http://www.bjfu.edu.cn/xyjd/90139.htm text/html #037 20120206062909609+78 sha1:EY6HV6QXJ4BI25TW66723FES5CHKAJ4D - -
2012-02-06T06:29:11.343Z   200      26416 http://www.bjfu.edu.cn/zxtz/90552.htm L http://www.bjfu.edu.cn/ text/html #038 20120206062910171+1110 sha1:2ERKZNOIF6GXSTA3FYQBN4A3DFSHFQUW - -
2012-02-06T06:29:11.484Z   404       1308 http://news.bjfu.edu.cn/robots.txt LXP http://news.bjfu.edu.cn/vote/ text/html #043 20120206062911203+281 sha1:MRXRBEASXLAAB7Q3YWHUBUIS652IH4RK - -
2012-02-06T06:29:11.796Z   200         41 http://cms.bjfu.edu.cn/cms/web/count.jsp?articleID=90552 LE http://www.bjfu.edu.cn/zxtz/90552.htm text/html #011 20120206062911703+93 sha1:PBAXLCHOR7JW73U5D7ZUAAFBCTYJ7GAR - -
2012-02-06T06:29:13.875Z   500       2091 http://cms.bjfu.edu.cn/cms/web/writeLog.jsp?articleID=90552 LE http://www.bjfu.edu.cn/zxtz/90552.htm text/html #011 20120206062913796+79 sha1:EY6HV6QXJ4BI25TW66723FES5CHKAJ4D - -
2012-02-06T06:29:16.562Z   200      15065 http://www.bjfu.edu.cn/zxtz/90123.htm L http://www.bjfu.edu.cn/ text/html #050 20120206062915796+704 sha1:6OOIZU3VPH3236CTBOTKSP6C6XKHVF6S - -
2012-02-06T06:29:16.640Z   200         41 http://cms.bjfu.edu.cn/cms/web/count.jsp?articleID=90123 LE http://www.bjfu.edu.cn/zxtz/90123.htm text/html #043 20120206062916562+78 sha1:OBBXNNJ63GYPHUSSEOYYKVXBXSJ3LVEZ - -
2012-02-06T06:29:16.781Z   200       8868 http://news.bjfu.edu.cn/vote/ LX http://www.bjfu.edu.cn/xyjd/90139.htm text/html #031 20120206062913484+3266 sha1:ZWAERL7XGQK43PR6F53GQTZMWKDNNI3D - 3t
2012-02-06T06:29:17.109Z     1        107 dns:v7.cnzz.com LXEP http://v7.cnzz.com/stat.php?id=155540&web_id=155540 text/dns #006 20120206062916781+312 sha1:2L6ZE5F7EHJFOCLHINB36SZZVAP35V44 - -
2012-02-06T06:29:18.703Z   500       2091 http://cms.bjfu.edu.cn/cms/web/writeLog.jsp?articleID=90123 LE http://www.bjfu.edu.cn/zxtz/90123.htm text/html #043 20120206062918640+63 sha1:EY6HV6QXJ4BI25TW66723FES5CHKAJ4D - -
2012-02-06T06:29:19.406Z   404        283 http://v7.cnzz.com/robots.txt LXEP http://v7.cnzz.com/stat.php?id=155540&web_id=155540 text/html #018 20120206062919125+281 sha1:5QS2DDT6BA4CFS7TZRYVY4F3NYXJGSE2 - -
2012-02-06T06:29:20.093Z   200      12936 http://www.bjfu.edu.cn/zxtz/90121.htm L http://www.bjfu.edu.cn/ text/html #002 20120206062919390+656 sha1:7PKTILJZSOD5S3VYPCB4W662ZPCD6VYV - -
2012-02-06T06:29:20.781Z   200         41 http://cms.bjfu.edu.cn/cms/web/count.jsp?articleID=90121 LE http://www.bjfu.edu.cn/zxtz/90121.htm text/html #042 20120206062920703+78 sha1:PYWLMQDRT6KIAPSJK43QQUZFMN4MCXGV - -
2012-02-06T06:29:21.656Z   200       2388 http://v7.cnzz.com/stat.php?id=155540&web_id=155540 LXE http://news.bjfu.edu.cn/vote/ text/html #018 20120206062921406+234 sha1:E4I7NGQPSO5K3CJ4UWWVM6QTTZUJT4QM - 3t
2012-02-06T06:29:21.765Z     1        179 dns:hzvs2.cnzz.com LXEEP http://hzvs2.cnzz.com/stat.htm?id=155540'%20cnzz_data%20' text/dns #005 20120206062921656+94 sha1:7GYG2MFBNSCBUCCIV32MUXA65VLFBK7V - -
2012-02-06T06:29:22.859Z   500       2091 http://cms.bjfu.edu.cn/cms/web/writeLog.jsp?articleID=90121 LE http://www.bjfu.edu.cn/zxtz/90121.htm text/html #004 20120206062922796+63 sha1:EY6HV6QXJ4BI25TW66723FES5CHKAJ4D - -
2012-02-06T06:29:23.437Z   200      15009 http://www.bjfu.edu.cn/zxtz/90062.htm L http://www.bjfu.edu.cn/ text/html #020 20120206062922718+672 sha1:KXOUL2RYBHPCM44GEQNHXVXX7USJGHUR - -
2012-02-06T06:29:23.781Z   200         43 http://hzvs2.cnzz.com/robots.txt LXEEP http://hzvs2.cnzz.com/stat.htm?id=155540'%20cnzz_data%20' image/gif #043 20120206062923750+31 sha1:FWXKVC27DHYLYIE5S5WAFPLKZNI3ACYK - -
2012-02-06T06:29:24.937Z   200         42 http://cms.bjfu.edu.cn/cms/web/count.jsp?articleID=90062 LE http://www.bjfu.edu.cn/zxtz/90062.htm text/html #031 20120206062924859+78 sha1:YM45HBE6ZHQTS6ZTL3EKKGMZOGNSPZI6 - -
2012-02-06T06:29:25.812Z   200         43 http://hzvs2.cnzz.com/stat.htm?id=155540'+cnzz_data+' LXEE http://v7.cnzz.com/stat.php?id=155540&web_id=155540 image/gif #028 20120206062925781+31 sha1:FWXKVC27DHYLYIE5S5WAFPLKZNI3ACYK - 3t
2012-02-06T06:29:26.828Z   200      12695 http://www.bjfu.edu.cn/zxtz/89889.htm L http://www.bjfu.edu.cn/ text/html #002 20120206062926125+640 sha1:QNVBIWSZ6YX6XO6WS3NQRZYTXM774YKK - -
2012-02-06T06:29:27.031Z   500       2091 http://cms.bjfu.edu.cn/cms/web/writeLog.jsp?articleID=90062 LE http://www.bjfu.edu.cn/zxtz/90062.htm text/html #004 20120206062926937+94 sha1:EY6HV6QXJ4BI25TW66723FES5CHKAJ4D - -
2012-02-06T06:29:29.109Z   200         41 http://cms.bjfu.edu.cn/cms/web/count.jsp?articleID=89889 LE http://www.bjfu.edu.cn/zxtz/89889.htm text/html #004 20120206062929031+78 sha1:5NYTTQPQFWURZANILLYGQEFHC5U76KZM - -
2012-02-06T06:29:30.343Z   200      16859 http://www.bjfu.edu.cn/zxtz/89614.htm L http://www.bjfu.edu.cn/ text/html #010 20120206062929390+906 sha1:3GAHM6FWBODMSOMVTOZ6572UAO3L7HEB - -
2012-02-06T06:29:30.359Z   200       8657 http://news.bjfu.edu.cn/vote/style.css LXE http://news.bjfu.edu.cn/vote/ text/css #026 20120206062929843+516 sha1:2YFPJBKLFATF2ZGLKGCDL4RZJKEP72YJ - -
2012-02-06T06:29:31.171Z   500       2091 http://cms.bjfu.edu.cn/cms/web/writeLog.jsp?articleID=89889 LE http://www.bjfu.edu.cn/zxtz/89889.htm text/html #007 20120206062931109+62 sha1:EY6HV6QXJ4BI25TW66723FES5CHKAJ4D - -
2012-02-06T06:29:32.859Z   200       2990 http://news.bjfu.edu.cn/vote/js/Dig.js LXE http://news.bjfu.edu.cn/vote/ application/x-javascript #016 20120206062932437+422 sha1:HCCQ263MCCAA3EIMHUJQI5X7UJC5AHMH - -
2012-02-06T06:29:33.250Z   200         42 http://cms.bjfu.edu.cn/cms/web/count.jsp?articleID=89614 LE http://www.bjfu.edu.cn/zxtz/89614.htm text/html #004 20120206062933171+79 sha1:RGFIRBSKLROFOHA54PT4U5AVMSFFN3AW - -
2012-02-06T06:29:34.687Z   200      15865 http://www.bjfu.edu.cn/zxtz/ L http://www.bjfu.edu.cn/ text/html #040 20120206062933968+657 sha1:7LOCEJCG7XMIXMH3HKWPXECX6TN3P325 - -
2012-02-06T06:29:35.328Z   500       2091 http://cms.bjfu.edu.cn/cms/web/writeLog.jsp?articleID=89614 LE http://www.bjfu.edu.cn/zxtz/89614.htm text/html #007 20120206062935250+78 sha1:EY6HV6QXJ4BI25TW66723FES5CHKAJ4D - -
2012-02-06T06:29:35.390Z   200       9187 http://news.bjfu.edu.cn/vote/images/logo.gif LXE http://news.bjfu.edu.cn/vote/ image/gif #018 20120206062934859+531 sha1:FGA6U4PIYI2JLDOTWAK4FXTTVH4OMUQH - -
2012-02-06T06:29:37.921Z   200       5455 http://news.bjfu.edu.cn/vote/images/con_bg_02.gif LXE http://news.bjfu.edu.cn/vote/ image/gif #019 20120206062937515+406 sha1:FKKTTJLVSIQTF23T3Y5NA6RKJ6RZJJKD - -
2012-02-06T06:29:38.125Z   200      15865 http://www.bjfu.edu.cn/zxtz/index.htm LR http://www.bjfu.edu.cn/zxtz/ text/html #007 20120206062937328+765 sha1:7LOCEJCG7XMIXMH3HKWPXECX6TN3P325 - -
2012-02-06T06:29:40.312Z   200       5286 http://news.bjfu.edu.cn/vote/images/con_bg_04.gif LXE http://news.bjfu.edu.cn/vote/ image/gif #045 20120206062939921+391 sha1:HN3OLKHSIZNTZCM24WGTCMMB2CJYA3VN - -
2012-02-06T06:29:41.937Z   200      16370 http://www.bjfu.edu.cn/xshd/89441.htm L http://www.bjfu.edu.cn/ text/html #037 20120206062941203+703 sha1:X3WDOJEMN4EEBJHAJK2MCORKNWRDTWHS - -
2012-02-06T06:29:42.031Z   200         41 http://cms.bjfu.edu.cn/cms/web/count.jsp?articleID=89441 LE http://www.bjfu.edu.cn/xshd/89441.htm text/html #019 20120206062941937+94 sha1:ULS4TAZOSMLEW4LLTOTZWIGDBYSCIKCF - -
2012-02-06T06:29:42.718Z   200       5297 http://news.bjfu.edu.cn/vote/images/con_bg_08.gif LXE http://news.bjfu.edu.cn/vote/ image/gif #011 20120206062942312+406 sha1:UIW67CNYGUE7RUJVBKR6L6R53FQ34XJU - -
2012-02-06T06:29:44.125Z   500       2091 http://cms.bjfu.edu.cn/cms/web/writeLog.jsp?articleID=89441 LE http://www.bjfu.edu.cn/xshd/89441.htm text/html #019 20120206062944031+78 sha1:EY6HV6QXJ4BI25TW66723FES5CHKAJ4D - -
2012-02-06T06:29:45.156Z   200       5499 http://news.bjfu.edu.cn/vote/images/con_bg_06.gif LXE http://news.bjfu.edu.cn/vote/ image/gif #011 20120206062944718+438 sha1:DTOAJBVFF7CDW5LA35NMIVINPCWI2XVG - -
2012-02-06T06:29:45.625Z   200      14918 http://www.bjfu.edu.cn/xshd/89365.htm L http://www.bjfu.edu.cn/ text/html #020 20120206062944750+828 sha1:OACXX4WFWHTNDQSXMNFNFUYATDPZ2475 - -
2012-02-06T06:29:46.203Z   200         41 http://cms.bjfu.edu.cn/cms/web/count.jsp?articleID=89365 LE http://www.bjfu.edu.cn/xshd/89365.htm text/html #036 20120206062946140+63 sha1:UY6QUWZXAHTLV5YZWTQ7COPZGA2WJDRO - -
2012-02-06T06:29:47.578Z   200       5316 http://news.bjfu.edu.cn/vote/images/con_bg_11.gif LXE http://news.bjfu.edu.cn/vote/ image/gif #019 20120206062947156+422 sha1:JICGOS7NOZASNN4A3GENLG5ZKDXCTEY7 - -
2012-02-06T06:29:48.296Z   500       2091 http://cms.bjfu.edu.cn/cms/web/writeLog.jsp?articleID=89365 LE http://www.bjfu.edu.cn/xshd/89365.htm text/html #042 20120206062948203+78 sha1:EY6HV6QXJ4BI25TW66723FES5CHKAJ4D - -
2012-02-06T06:29:49.781Z   200      15163 http://www.bjfu.edu.cn/xshd/88341.htm L http://www.bjfu.edu.cn/ text/html #050 20120206062948937+813 sha1:7LCIAHVZLSFYPICANMUZIAR5JY6SBJQJ - -
2012-02-06T06:29:49.843Z   200        306 http://news.bjfu.edu.cn/vote/images/tail-top-left.gif LXEE http://news.bjfu.edu.cn/vote/style.css image/gif #019 20120206062949578+265 sha1:GRIG5IE5WEMPIO3YZG6TH4GRLT2VWR7T - -
2012-02-06T06:29:50.375Z   200         41 http://cms.bjfu.edu.cn/cms/web/count.jsp?articleID=88341 LE http://www.bjfu.edu.cn/xshd/88341.htm text/html #008 20120206062950296+79 sha1:WW3ZIJFRSLC6MDYUBWPSM3OQ2WLLAWM6 - -
2012-02-06T06:29:52.109Z   200        152 http://news.bjfu.edu.cn/vote/images/link1-tail.gif LXEE http://news.bjfu.edu.cn/vote/style.css image/gif #049 20120206062951859+250 sha1:DPL2ETNML5IHKHMRR6YCJTTZBFJGSRML - -
2012-02-06T06:29:52.468Z   500       2091 http://cms.bjfu.edu.cn/cms/web/writeLog.jsp?articleID=88341 LE http://www.bjfu.edu.cn/xshd/88341.htm text/html #008 20120206062952390+78 sha1:EY6HV6QXJ4BI25TW66723FES5CHKAJ4D - -
2012-02-06T06:29:53.859Z   200      16152 http://www.bjfu.edu.cn/xshd/ L http://www.bjfu.edu.cn/ text/html #037 20120206062953046+766 sha1:WMYB6HTYS36NMVTSFMDPNYYIQOUZXVE3 - -
2012-02-06T06:29:54.375Z   200        318 http://news.bjfu.edu.cn/vote/images/link1-left.gif LXEE http://news.bjfu.edu.cn/vote/style.css image/gif #049 20120206062954109+250 sha1:KCL3XPMWG7GBZLKD2H4MTFQQVKB4GLQY - -
2012-02-06T06:29:56.640Z   200        318 http://news.bjfu.edu.cn/vote/images/link1-right.gif LXEE http://news.bjfu.edu.cn/vote/style.css image/gif #023 20120206062956359+281 sha1:XDLPOQPU5B5GW7I3SRLMSQPPE453KFPZ - -
2012-02-06T06:29:57.718Z   200      16152 http://www.bjfu.edu.cn/xshd/index.htm LR http://www.bjfu.edu.cn/xshd/ text/html #019 20120206062956937+734 sha1:WMYB6HTYS36NMVTSFMDPNYYIQOUZXVE3 - -
2012-02-06T06:29:58.890Z   200        554 http://news.bjfu.edu.cn/vote/images/border-top.gif LXEE http://news.bjfu.edu.cn/vote/style.css image/gif #006 20120206062958640+250 sha1:N3KYN4CHNC2UC4MEYLT5PAZBXAGHQ4KC - -
2012-02-06T06:30:01.140Z   200        339 http://news.bjfu.edu.cn/vote/images/border-bot.gif LXEE http://news.bjfu.edu.cn/vote/style.css image/gif #006 20120206063000890+250 sha1:RHXDJG7DTRXFPZMFJAIFYQGSU4OOTAI7 - -
2012-02-06T06:30:01.421Z   200      24715 http://www.bjfu.edu.cn/images/head_l.png EE http://www.bjfu.edu.cn/images/style.css image/png #004 20120206063000656+765 sha1:FDM5RGLOQHCXKXTOFRWCSGXFULOT4XCZ - -
2012-02-06T06:30:03.421Z   200       1136 http://news.bjfu.edu.cn/vote/images/left-top-corner.gif LXEE http://news.bjfu.edu.cn/vote/style.css image/gif #003 20120206063003156+265 sha1:2UDNHYGRNAF5V6COMIEF24ODEM4ALB2H - -
2012-02-06T06:30:05.734Z   200       1135 http://news.bjfu.edu.cn/vote/images/right-top-corner.gif LXEE http://news.bjfu.edu.cn/vote/style.css image/gif #011 20120206063005437+297 sha1:EPYQPYUQJVOFX5R6CXRWOUITNS4JX7ZN - -
2012-02-06T06:30:07.062Z   200      86339 http://www.bjfu.edu.cn/images/head_r.png EE http://www.bjfu.edu.cn/images/style.css image/png #036 20120206063004484+2578 sha1:PMW2VOUYYKWKWXUNKIBYX542MGU64DCR - -
2012-02-06T06:30:08.000Z   200       1020 http://news.bjfu.edu.cn/vote/images/left-bot-corner.gif LXEE http://news.bjfu.edu.cn/vote/style.css image/gif #011 20120206063007734+266 sha1:2S6GCDBOHU4QBQA54PZJSHQDY2YVPKTX - -
2012-02-06T06:30:10.281Z   200       1021 http://news.bjfu.edu.cn/vote/images/right-bot-corner.gif LXEE http://news.bjfu.edu.cn/vote/style.css image/gif #011 20120206063010000+281 sha1:2KGDT3BK2GQQA44PYW565RCG6EOXDL62 - -
2012-02-06T06:30:12.546Z   200        556 http://news.bjfu.edu.cn/vote/images/border-top1.gif LXEE http://news.bjfu.edu.cn/vote/style.css image/gif #038 20120206063012281+265 sha1:5LNZP4FOPUDFGYS5EHBEKH5JJ326MLGN - -
2012-02-06T06:30:14.828Z   200         67 http://news.bjfu.edu.cn/vote/images/border-bot1.gif LXEE http://news.bjfu.edu.cn/vote/style.css image/gif #012 20120206063014546+282 sha1:4HOR7WY7VGXVJXRYHKRT2EU3KO3JLV7D - -
2012-02-06T06:30:17.078Z   200       1110 http://news.bjfu.edu.cn/vote/images/left-top-corner1.gif LXEE http://news.bjfu.edu.cn/vote/style.css image/gif #012 20120206063016828+250 sha1:262Q2DJRIYEC43G73OZD6RRBTOXHK3RU - -
2012-02-06T06:30:17.640Z   200        427 http://www.bjfu.edu.cn/images/nav_l.png EE http://www.bjfu.edu.cn/images/style.css image/png #016 20120206063017390+250 sha1:BFIX7AM7MXVRDTK4337FYIB7CMS7BLTR - -
2012-02-06T06:30:19.359Z   200       1110 http://news.bjfu.edu.cn/vote/images/right-top-corner1.gif LXEE http://news.bjfu.edu.cn/vote/style.css image/gif #014 20120206063019093+266 sha1:SXAZRANHMRLECJUBSK4IE54GVCCJ3TNP - -
2012-02-06T06:30:19.921Z   200        216 http://www.bjfu.edu.cn/images/nav_m.png EE http://www.bjfu.edu.cn/images/style.css image/png #003 20120206063019640+281 sha1:6MCOYV5V5DIXW2P3C2L742QWOTWFF5JW - -
2012-02-06T06:30:21.625Z   200        200 http://news.bjfu.edu.cn/vote/images/left-bot-corner1.gif LXEE http://news.bjfu.edu.cn/vote/style.css image/gif #014 20120206063021375+250 sha1:PUUBTZN65YPG5OWYHITWHKTSI2OCO7N7 - -
2012-02-06T06:30:22.171Z   200        448 http://www.bjfu.edu.cn/images/nav_r.png EE http://www.bjfu.edu.cn/images/style.css image/png #045 20120206063021921+250 sha1:DXPWSXLL3G6ZJLM2VIAPRNHTSX3ASNBT - -
2012-02-06T06:30:23.875Z   200        202 http://news.bjfu.edu.cn/vote/images/right-bot-corner1.gif LXEE http://news.bjfu.edu.cn/vote/style.css image/gif #014 20120206063023625+250 sha1:KNF2EGJBPNKBQTZ7BQ5DMHQQZ5AQ5VCX - -
2012-02-06T06:30:24.421Z   200       1858 http://www.bjfu.edu.cn/images/nav_hover.png EE http://www.bjfu.edu.cn/images/style.css image/png #026 20120206063024171+250 sha1:Z6W7TFKINQB2TOGCUKGYNRSESEBCKT7J - -
2012-02-06T06:30:26.671Z   200        470 http://www.bjfu.edu.cn/images/nav_g.png EE http://www.bjfu.edu.cn/images/style.css image/png #040 20120206063026421+250 sha1:53C3WOVHD5ULWVDM57FWOCT4NQZR3JER - -
2012-02-06T06:30:28.937Z   200       2081 http://www.bjfu.edu.cn/images/tzgg.png EE http://www.bjfu.edu.cn/images/style.css image/png #040 20120206063028671+266 sha1:WWV4YLDDTNUGEF4N6WIQSEBQDHRPX7TQ - -
2012-02-06T06:30:31.187Z   200       1896 http://www.bjfu.edu.cn/images/kstd.png EE http://www.bjfu.edu.cn/images/style.css image/png #041 20120206063030937+250 sha1:HBL7KSKVENU2XCJFTUTXU2VVTPRGD3K6 - -
2012-02-06T06:30:31.281Z   200     189035 http://news.bjfu.edu.cn/vote/images/header-bg.jpg LXEE http://news.bjfu.edu.cn/vote/style.css image/jpeg #014 20120206063025875+5390 sha1:2JLFPWB4L5XYI57NPJ6ESQUQ4XI5D4U5 - -
2012-02-06T06:30:33.468Z   200        601 http://www.bjfu.edu.cn/images/block_t.jpg EE http://www.bjfu.edu.cn/images/style.css image/jpeg #041 20120206063033187+266 sha1:LQE3BGH6BLNGT5QJNDR6ICD56KP2EUPS - -
2012-02-06T06:30:36.359Z   200      19405 http://www.bjfu.edu.cn/images/block_d.jpg EE http://www.bjfu.edu.cn/images/style.css image/jpeg #050 20120206063035468+891 sha1:ZO3DLTDHAAC2Y3T4LSOBMJLE7EHRBF2F - -
2012-02-06T06:30:40.328Z   200       5144 http://www.bjfu.edu.cn/images/xyjd_t.png EE http://www.bjfu.edu.cn/images/style.css image/png #017 20120206063039937+391 sha1:VIXM5TRGNUIVGJTFGAPYXHGTMPCV2HNZ - -
2012-02-06T06:30:42.578Z   200       1971 http://www.bjfu.edu.cn/images/xyxw_t.png EE http://www.bjfu.edu.cn/images/style.css image/png #023 20120206063042328+250 sha1:EQUBOOJUZ6VTQBZKDXUXGNQUBVQJQJGK - -
2012-02-06T06:30:44.828Z   200       2483 http://www.bjfu.edu.cn/images/lsxy_t.png EE http://www.bjfu.edu.cn/images/style.css image/png #023 20120206063044578+250 sha1:EDLUCNMUKL2DKSX3XOEAQ5ZJNQHRQJ4V - -
2012-02-06T06:30:47.093Z   200        607 http://www.bjfu.edu.cn/images/foot_b.jpg EE http://www.bjfu.edu.cn/images/style.css image/jpeg #023 20120206063046828+265 sha1:LZNSY3RWSL3ZZYPD37S6PKAK7CKUQYYL - -
2012-02-06T06:30:49.359Z   200       1331 http://www.bjfu.edu.cn/images/list_top.jpg EE http://www.bjfu.edu.cn/images/style.css image/jpeg #038 20120206063049093+266 sha1:GHUQLTMZLBCIGV4OZX4FIKYH6VJ5WQ4P - -
2012-02-06T06:30:51.625Z   200       1334 http://www.bjfu.edu.cn/images/list_down.jpg EE http://www.bjfu.edu.cn/images/style.css image/jpeg #038 20120206063051359+266 sha1:573CLHETDNAONQ4H75HNTZEU24A6JCT4 - -
2012-02-06T06:30:52.796Z   200      45212 http://news.bjfu.edu.cn/vote/images/con_bg.gif LXEE http://news.bjfu.edu.cn/vote/style.css image/gif #008 20120206063051281+1515 sha1:JYFY55WCFYQYN6AADE4NSQDZAVG3X4BS - -
2012-02-06T06:30:53.890Z   200        468 http://www.bjfu.edu.cn/images/list2_top.jpg EE http://www.bjfu.edu.cn/images/style.css image/jpeg #050 20120206063053625+265 sha1:YTUL6HXQTMKSW647L2RDZODOEU6GBS3N - -
2012-02-06T06:30:56.140Z   200        577 http://www.bjfu.edu.cn/images/list2_down.jpg EE http://www.bjfu.edu.cn/images/style.css image/jpeg #050 20120206063055890+250 sha1:L7XR4XZROKN74HSJOYHVJKG63YJFL3FB - -
2012-02-06T06:30:58.406Z   404       1308 http://www.bjfu.edu.cn/1.3.2 EX http://www.bjfu.edu.cn/images/jquery.js text/html #050 20120206063058156+250 sha1:MRXRBEASXLAAB7Q3YWHUBUIS652IH4RK - -
2012-02-06T06:30:59.140Z   200        905 http://news.bjfu.edu.cn/vote/images/templatemo_list.gif LXEE http://news.bjfu.edu.cn/vote/style.css image/gif #008 20120206063058859+281 sha1:ONIH36X4UO5YU5JSPIIVX5FCOHZTJYXR - -
2012-02-06T06:31:00.671Z   404       1308 http://www.bjfu.edu.cn/0.5 EX http://www.bjfu.edu.cn/images/jquery.js text/html #050 20120206063100406+250 sha1:MRXRBEASXLAAB7Q3YWHUBUIS652IH4RK - -
2012-02-06T06:31:01.421Z   200        899 http://news.bjfu.edu.cn/vote/images/templatemo_list1.gif LXEE http://news.bjfu.edu.cn/vote/style.css image/gif #008 20120206063101140+281 sha1:C24K3LFNOPTS4JIKKWIXIMEZSOGFYER5 - -
2012-02-06T06:31:02.937Z   404       1308 http://www.bjfu.edu.cn/application/x-www-form-urlencoded EX http://www.bjfu.edu.cn/images/jquery.js text/html #050 20120206063102671+266 sha1:MRXRBEASXLAAB7Q3YWHUBUIS652IH4RK - -
2012-02-06T06:31:05.187Z   404       1308 http://www.bjfu.edu.cn/Microsoft.XMLHTTP EX http://www.bjfu.edu.cn/images/jquery.js text/html #037 20120206063104937+250 sha1:MRXRBEASXLAAB7Q3YWHUBUIS652IH4RK - -
2012-02-06T06:31:07.484Z   404       1308 http://www.bjfu.edu.cn/text/html EX http://www.bjfu.edu.cn/images/jquery.js text/html #037 20120206063107203+281 sha1:MRXRBEASXLAAB7Q3YWHUBUIS652IH4RK - -
2012-02-06T06:31:09.734Z   404       1308 http://www.bjfu.edu.cn/text/plain EX http://www.bjfu.edu.cn/images/jquery.js text/html #037 20120206063109484+250 sha1:MRXRBEASXLAAB7Q3YWHUBUIS652IH4RK - -
2012-02-06T06:31:12.000Z   404       1308 http://www.bjfu.edu.cn/images/%22+idx+%22.jpg EX http://www.bjfu.edu.cn/images/default.js text/html #037 20120206063111734+266 sha1:MRXRBEASXLAAB7Q3YWHUBUIS652IH4RK - -
2012-02-06T06:31:14.593Z   200      11996 http://www.bjfu.edu.cn/english/1009.htm LL http://www.bjfu.edu.cn/english/ text/html #037 20120206063114000+562 sha1:QAQH6X74QIKOP5U2WPAR274L4WJ6FIZ5 - -
2012-02-06T06:31:14.671Z   200         43 http://cms.bjfu.edu.cn/cms/web/count.jsp?articleID=1009 LLE http://www.bjfu.edu.cn/english/1009.htm text/html #034 20120206063114578+93 sha1:FOPCQREFVOIWZ64H4HQDADWVPSA7GVPG - -
2012-02-06T06:31:16.750Z   500       2091 http://cms.bjfu.edu.cn/cms/web/writeLog.jsp?articleID=1009 LLE http://www.bjfu.edu.cn/english/1009.htm text/html #034 20120206063116671+79 sha1:EY6HV6QXJ4BI25TW66723FES5CHKAJ4D - -
2012-02-06T06:31:17.250Z   200       4453 http://www.bjfu.edu.cn/images/site.css LLE http://www.bjfu.edu.cn/english/1009.htm text/css #017 20120206063116843+407 sha1:EUAQXVHFJN523PIXI2EBSF7TAXUVEZPP - -
2012-02-06T06:31:23.531Z   200     154503 http://www.bjfu.edu.cn/images/banner.JPG LLE http://www.bjfu.edu.cn/english/1009.htm image/jpeg #026 20120206063119250+4265 sha1:OVQIMIAFN54BJD7DG5XJQSZL44NO7LCM - -
2012-02-06T06:31:40.875Z   200         93 http://www.bjfu.edu.cn/images/top_4_bg.gif LLE http://www.bjfu.edu.cn/english/1009.htm image/gif #017 20120206063140593+282 sha1:RRW5FN4CDLQRMRPRSZ2UV4YVPBWGV3NP - -
2012-02-06T06:31:43.421Z   200       9818 http://www.bjfu.edu.cn/images/content/2007/20071123102604660265.jpg LLE http://www.bjfu.edu.cn/english/1009.htm image/jpeg #043 20120206063142875+546 sha1:ZGF7RKW7AWJ45LFRKQTURE7TAJDMTDGH - -
2012-02-06T06:31:46.171Z   200       9796 http://www.bjfu.edu.cn/images/content/2007/20071123102604675381.jpg LLE http://www.bjfu.edu.cn/english/1009.htm image/jpeg #006 20120206063145609+562 sha1:VYFU6NCKY6XZA6TCQM7NTQSLO6CT3BPQ - -
2012-02-06T06:31:48.968Z   200       8016 http://www.bjfu.edu.cn/images/content/2007/20071123102604687443.jpg LLE http://www.bjfu.edu.cn/english/1009.htm image/jpeg #014 20120206063148421+547 sha1:Q72CX5Z63JF526PVJL65Y5JJ3XMDCS7I - -
2012-02-06T06:31:51.687Z   200       9259 http://www.bjfu.edu.cn/images/content/2007/20071123102604699519.jpg LLE http://www.bjfu.edu.cn/english/1009.htm image/jpeg #008 20120206063151156+531 sha1:ICWOWHL5LLLTN5WMY75TGFGVDK4VSSC2 - -
2012-02-06T06:31:54.656Z   200      16921 http://www.bjfu.edu.cn/images/content/2007/20071123102604711638.gif LLE http://www.bjfu.edu.cn/english/1009.htm image/gif #026 20120206063153812+844 sha1:M5HZSOCVNXQ6ZZD7Y545VNHZ22UJ74FO - -
2012-02-06T06:31:58.984Z   200      19580 http://www.bjfu.edu.cn/images/content/2007/20071123102642590788.gif LLE http://www.bjfu.edu.cn/english/1009.htm image/gif #030 20120206063158046+938 sha1:YWOP2SO5IB2TMTUIKQIPXXPIDJPNQ7VR - -
2012-02-06T06:32:03.781Z   200      21294 http://www.bjfu.edu.cn/images/content/2007/20071123102642607813.gif LLE http://www.bjfu.edu.cn/english/1009.htm image/gif #026 20120206063202750+1031 sha1:OWKK6DKMDAXVM2USAAZXP5FUFXATCQVX - -
2012-02-06T06:32:08.609Z   200      19202 http://www.bjfu.edu.cn/images/content/2007/20071123102642619973.gif LLE http://www.bjfu.edu.cn/english/1009.htm image/gif #050 20120206063207937+672 sha1:KJL6BR3EBHLSY6D4KHCQMQ5L3GPS5NLT - -
2012-02-06T06:32:11.859Z   200       9524 http://www.bjfu.edu.cn/images/content/2007/20071123102642631074.gif LLE http://www.bjfu.edu.cn/english/1009.htm image/gif #005 20120206063211312+547 sha1:AJDIPO6YSK7BAPHMWWX6CK32AXOJ6YSX - -
2012-02-06T06:32:14.500Z   200       3580 http://www.bjfu.edu.cn/english/1004.htm LL http://www.bjfu.edu.cn/english/ text/html #011 20120206063214062+422 sha1:GFIPVEUJAF7J3O6PJBQZVZA33BSNRQE6 - -
2012-02-06T06:32:14.562Z   200         41 http://cms.bjfu.edu.cn/cms/web/count.jsp?articleID=1004 LLE http://www.bjfu.edu.cn/english/1004.htm text/html #049 20120206063214500+62 sha1:AQYRM2R3QIQ6N7UN6SMPLZAS3ILJ67BT - -
2012-02-06T06:32:16.625Z   500       2091 http://cms.bjfu.edu.cn/cms/web/writeLog.jsp?articleID=1004 LLE http://www.bjfu.edu.cn/english/1004.htm text/html #049 20120206063216562+63 sha1:EY6HV6QXJ4BI25TW66723FES5CHKAJ4D - -
2012-02-06T06:32:16.937Z   200       4508 http://www.bjfu.edu.cn/english/1003.htm LL http://www.bjfu.edu.cn/english/ text/html #029 20120206063216500+421 sha1:OJ7PAAZIKDNXYIQFP754ZVCZ4YGDZE6R - -
2012-02-06T06:32:18.703Z   200         41 http://cms.bjfu.edu.cn/cms/web/count.jsp?articleID=1003 LLE http://www.bjfu.edu.cn/english/1003.htm text/html #006 20120206063218625+78 sha1:WW3ZIJFRSLC6MDYUBWPSM3OQ2WLLAWM6 - -
2012-02-06T06:32:20.156Z   200      31361 http://www.bjfu.edu.cn/images/content/2007/20071123105825770338.jpg LLE http://www.bjfu.edu.cn/english/1003.htm image/jpeg #045 20120206063218937+1219 sha1:RITQHUKZHIODOCTRIIWAKJACTPCUEETP - -
2012-02-06T06:32:20.812Z   500       2091 http://cms.bjfu.edu.cn/cms/web/writeLog.jsp?articleID=1003 LLE http://www.bjfu.edu.cn/english/1003.htm text/html #006 20120206063220718+94 sha1:EY6HV6QXJ4BI25TW66723FES5CHKAJ4D - -
2012-02-06T06:32:25.578Z   200      10849 http://www.bjfu.edu.cn/english/1012.htm LL http://www.bjfu.edu.cn/english/ text/html #043 20120206063225046+516 sha1:6I2G4TASOKKYD4EKJHE7K7W5K3UGGDR7 - -
2012-02-06T06:32:25.656Z   200         42 http://cms.bjfu.edu.cn/cms/web/count.jsp?articleID=1012 LLE http://www.bjfu.edu.cn/english/1012.htm text/html #033 20120206063225578+78 sha1:4W7VS6AIN7OPN4DPNJX4RUVPTU65WDEG - -
2012-02-06T06:32:27.734Z   500       2091 http://cms.bjfu.edu.cn/cms/web/writeLog.jsp?articleID=1012 LLE http://www.bjfu.edu.cn/english/1012.htm text/html #011 20120206063227656+78 sha1:EY6HV6QXJ4BI25TW66723FES5CHKAJ4D - -
2012-02-06T06:32:27.906Z   404       1308 http://www.bjfu.edu.cn/img/img.htm LL http://www.bjfu.edu.cn/english/ text/html #022 20120206063227656+250 sha1:MRXRBEASXLAAB7Q3YWHUBUIS652IH4RK - -
2012-02-06T06:32:30.171Z   404       1308 http://www.bjfu.edu.cn/english/_root.image LXX http://www.bjfu.edu.cn/images/en/pixviewer.swf text/html #050 20120206063229906+265 sha1:MRXRBEASXLAAB7Q3YWHUBUIS652IH4RK - -
2012-02-06T06:32:32.468Z   404       1308 http://www.bjfu.edu.cn/english/_root.mask LXX http://www.bjfu.edu.cn/images/en/pixviewer.swf text/html #026 20120206063232187+281 sha1:MRXRBEASXLAAB7Q3YWHUBUIS652IH4RK - -
2012-02-06T06:32:34.718Z   404       1308 http://www.bjfu.edu.cn/english/_root.buttonbanner.num LXX http://www.bjfu.edu.cn/images/en/pixviewer.swf text/html #026 20120206063234468+235 sha1:MRXRBEASXLAAB7Q3YWHUBUIS652IH4RK - -
2012-02-06T06:32:37.328Z   200      13337 http://www.bjfu.edu.cn/xxgk/57594.htm LL http://www.bjfu.edu.cn/xxgk/ text/html #014 20120206063236718+563 sha1:RZ34RZZDPPWM224CZ27QL3AEE25WE54N - -
2012-02-06T06:32:37.406Z   200         43 http://cms.bjfu.edu.cn/cms/web/count.jsp?articleID=57594 LLE http://www.bjfu.edu.cn/xxgk/57594.htm text/html #008 20120206063237328+78 sha1:TJQWI6YPSXATDSGUAPXUS26A6WXM2PRV - -
2012-02-06T06:32:39.484Z   500       2091 http://cms.bjfu.edu.cn/cms/web/writeLog.jsp?articleID=57594 LLE http://www.bjfu.edu.cn/xxgk/57594.htm text/html #045 20120206063239406+78 sha1:EY6HV6QXJ4BI25TW66723FES5CHKAJ4D - -
2012-02-06T06:32:40.265Z   200      15503 http://www.bjfu.edu.cn/images/content/2007/20101103090444159712.gif LLE http://www.bjfu.edu.cn/xxgk/57594.htm image/gif #030 20120206063239593+672 sha1:V3BYTM2FQPXPUXSQTRHGL32X646XJ4AW - -
2012-02-06T06:32:46.312Z   200     104812 http://www.bjfu.edu.cn/images/content/2007/20101103090444186897.gif LLE http://www.bjfu.edu.cn/xxgk/57594.htm image/gif #011 20120206063242953+3343 sha1:NSPWAHEVWYEPPYVCDJLI5QOL257Z4P3Z - -
2012-02-06T06:33:00.421Z   200      15291 http://www.bjfu.edu.cn/xxgk/57592.htm LL http://www.bjfu.edu.cn/xxgk/ text/html #008 20120206063259687+688 sha1:TXMBOFDH4QUNZNECENXD2XWDKY5B3RM2 - -
2012-02-06T06:33:00.500Z   200         43 http://cms.bjfu.edu.cn/cms/web/count.jsp?articleID=57592 LLE http://www.bjfu.edu.cn/xxgk/57592.htm text/html #018 20120206063300421+79 sha1:T26QWK2SOU2B6VHA7PEF6MCOYXX7ZLI3 - -
2012-02-06T06:33:02.578Z   500       2091 http://cms.bjfu.edu.cn/cms/web/writeLog.jsp?articleID=57592 LLE http://www.bjfu.edu.cn/xxgk/57592.htm text/html #018 20120206063302500+78 sha1:EY6HV6QXJ4BI25TW66723FES5CHKAJ4D - -
2012-02-06T06:33:03.906Z   200      12032 http://www.bjfu.edu.cn/xyjd/47825.htm LL http://www.bjfu.edu.cn/xxgk/29682.htm text/html #040 20120206063303203+656 sha1:FGNFNVFY4AUXIOUD2GKBJ2MVA7CJNSCA - -
2012-02-06T06:33:04.671Z   200         42 http://cms.bjfu.edu.cn/cms/web/count.jsp?articleID=47825 LLE http://www.bjfu.edu.cn/xyjd/47825.htm text/html #011 20120206063304578+78 sha1:5HODEXU5CMN5W2JXL5GNWEXIFYM7VNK3 - -
2012-02-06T06:33:06.750Z   500       2091 http://cms.bjfu.edu.cn/cms/web/writeLog.jsp?articleID=47825 LLE http://www.bjfu.edu.cn/xyjd/47825.htm text/html #005 20120206063306671+79 sha1:EY6HV6QXJ4BI25TW66723FES5CHKAJ4D - -
2012-02-06T06:33:20.218Z   200     381772 http://www.bjfu.edu.cn/images/content/2010/20100518102222962810.jpg LLE http://www.bjfu.edu.cn/xyjd/47825.htm image/jpeg #010 20120206063306531+13656 sha1:KJRQ47GYOC7JSRGWMX3YKWUBEEYJA4CL - -
2012-02-06T06:33:41.375Z   200      31578 http://www.bjfu.edu.cn/zxtz/77820.htm LL http://www.bjfu.edu.cn/xxgk/29682.htm text/html #005 20120206063340234+1078 sha1:JPFIHFL2EA2A7IAZI424TGQT4AN3FOT3 - -
2012-02-06T06:33:41.468Z   200         42 http://cms.bjfu.edu.cn/cms/web/count.jsp?articleID=77820 LLE http://www.bjfu.edu.cn/zxtz/77820.htm text/html #040 20120206063341375+93 sha1:ARLSZCCNBQHLVNEVS76Q5WVJTJR4M7G5 - -
2012-02-06T06:33:43.562Z   500       2091 http://cms.bjfu.edu.cn/cms/web/writeLog.jsp?articleID=77820 LLE http://www.bjfu.edu.cn/zxtz/77820.htm text/html #040 20120206063343468+78 sha1:EY6HV6QXJ4BI25TW66723FES5CHKAJ4D - -
2012-02-06T06:33:51.312Z   200     215443 http://www.bjfu.edu.cn/english/images/si1.jpg LL http://www.bjfu.edu.cn/english/images.html image/jpeg #024 20120206063345687+5609 sha1:5FIAQ6IL2R7CI2MR7IVAQUH54W5LEXDW - -
2012-02-06T06:34:16.156Z   200     164816 http://www.bjfu.edu.cn/english/images/si2.gif LL http://www.bjfu.edu.cn/english/images.html image/gif #049 20120206063411328+4812 sha1:7FNEJY5NRGNRUC6KYQNA66ULV64JMH3F - -
2012-02-06T06:34:39.062Z   200     102933 http://www.bjfu.edu.cn/english/images/si3.gif LL http://www.bjfu.edu.cn/english/images.html image/gif #049 20120206063435406+3656 sha1:HLAN2QVRTUN5YJ2GGK5QX6M6V6C5XNZA - -
2012-02-06T06:34:58.484Z   200     127827 http://www.bjfu.edu.cn/english/images/si4.gif LL http://www.bjfu.edu.cn/english/images.html image/gif #032 20120206063453687+4781 sha1:WGWHQY6OFDK2QQHSWB7O4EHQ24TY4XSM - -
2012-02-06T06:35:21.703Z   200     127952 http://www.bjfu.edu.cn/english/images/si5.gif LL http://www.bjfu.edu.cn/english/images.html image/gif #024 20120206063517609+4078 sha1:MBLVSVEJN5A7ZXHLAZJASVMGSS7ZDC6E - -
2012-02-06T06:35:49.140Z   200     150503 http://www.bjfu.edu.cn/english/images/si6.gif LL http://www.bjfu.edu.cn/english/images.html image/gif #050 20120206063538015+11110 sha1:LG6ZCASEXMEBRVQG4QOKWGBF2MXT2TX6 - -
2012-02-06T06:36:12.015Z   200     116097 http://www.bjfu.edu.cn/english/images/si7.gif LL http://www.bjfu.edu.cn/english/images.html image/gif #006 20120206063609140+2860 sha1:Z5MMY777QJVIIMFXYKE6NZJNBLARZ4UT - -
2012-02-06T06:36:25.656Z   200      65814 http://www.bjfu.edu.cn/english/images/si8.jpg LL http://www.bjfu.edu.cn/english/images.html image/jpeg #008 20120206063623468+2188 sha1:RHJMMZOYLVF356MVTJOF4FA2KUOS3ZNN - -
2012-02-06T06:36:37.031Z   200     103175 http://www.bjfu.edu.cn/english/images/gr1.jpg LL http://www.bjfu.edu.cn/english/images.html image/jpeg #013 20120206063634421+2594 sha1:JESHP6IIXR5SAM24CA2BMAVZ2V5ZAFN3 - -
2012-02-06T06:36:55.437Z   200     219683 http://www.bjfu.edu.cn/english/images/gr2.jpg LL http://www.bjfu.edu.cn/english/images.html image/jpeg #006 20120206063647421+8000 sha1:6NUVLNXFPFGLARSGBSWH4UFOVNYAMQTI - -
2012-02-06T06:37:28.015Z   200     285607 http://www.bjfu.edu.cn/english/images/gr3.jpg LL http://www.bjfu.edu.cn/english/images.html image/jpeg #014 20120206063715437+12563 sha1:VYGR6SX2H2KACREK2NG2KIROG3DXKITD - -
