20120206061917 CRAWL RESUMED - Running
           timestamp  discovered      queued   downloaded       doc/s(avg)  KB/s(avg)   dl-failures   busy-thread   mem-use-KB  heap-size-KB   congestion   max-depth   avg-depth
2012-02-06T06:19:37Z          43          35            7       0.35(0.35)       2(2)             0             0        14249         28824            1          35          35
2012-02-06T06:19:57Z          68          58            9        0.1(0.22)       6(4)             0             0        15236         28824            1          58          58
2012-02-06T06:20:17Z          69          51           17        0.4(0.28)       2(3)             0             0        15895         28824            1          51          51
2012-02-06T06:20:37Z         121          90           29        0.6(0.36)       2(3)             0             0        14069         28824            1          89          45
2012-02-06T06:20:57Z         124          82           40        0.55(0.4)       2(3)             0             1        16280         28824            1          81          41
2012-02-06T06:21:17Z         125          74           49       0.45(0.41)       3(3)             0             0        18936         28824            1          74          37
2012-02-06T06:21:37Z         125          73           50       0.05(0.36)      11(4)             0             0        19370         28824            1          73          73
2012-02-06T06:21:57Z         125          72           51       0.05(0.32)       5(4)             0             0        19520         28824            1          72          72
2012-02-06T06:22:17Z         125          71           52       0.05(0.29)       7(5)             0             0        19694         28824            1          71          71
2012-02-06T06:22:37Z         125          71           52          0(0.26)       0(4)             0             1        19841         28824            1          71          71
2012-02-06T06:22:57Z         125          70           53       0.05(0.24)       9(4)             0             0        19935         28824            1          70          70
2012-02-06T06:23:17Z         125          69           54       0.05(0.22)       8(5)             0             1        20300         28824            1          69          69
2012-02-06T06:23:37Z         125          67           56        0.1(0.22)      11(5)             0             0        15241         28824            1          67          67
2012-02-06T06:23:57Z         125          66           57        0.05(0.2)       8(5)             0             0        15338         28824            1          66          66
2012-02-06T06:24:17Z         128          68           58       0.05(0.19)       0(5)             0             0        18078         28824            1          68          68
2012-02-06T06:24:37Z         128          59           67       0.45(0.21)       0(5)             0             0        18839         28824            1          59          59
2012-02-06T06:24:57Z         138          62           74       0.35(0.22)       1(5)             0             1        14016         28824            1          62          62
2012-02-06T06:25:17Z         148          60           86        0.6(0.24)       2(4)             0             0        17079         28824            1          60          30
2012-02-06T06:25:37Z         152          57           93       0.35(0.24)       4(4)             0             0        17948         28824            1          56          28
2012-02-06T06:25:57Z         163          61          100       0.35(0.25)       2(4)             0             0        19957         28824            1          61          61
2012-02-06T06:26:17Z         163          55          106        0.3(0.25)       4(4)             0             0        20524         28824            1          55          55
2012-02-06T06:26:37Z         205          91          112        0.3(0.25)       3(4)             0             0        13606         28824            1          91          91
2012-02-06T06:26:57Z         208          90          116        0.2(0.25)       4(4)             0             0        14078         28824            1          90          90
2012-02-06T06:27:17Z         208          85          121       0.25(0.25)       1(4)             0             0        14565         28824            1          85          85
2012-02-06T06:27:37Z         215          82          131        0.5(0.26)       2(4)             0             0        16553         28824            1          82          41
2012-02-06T06:27:57Z         215          78          135        0.2(0.26)       5(4)             0             0        16979         28824            1          78          78
2012-02-06T06:28:17Z         234          93          139        0.2(0.26)       1(4)             0             0        19923         28824            1          93          93
2012-02-06T06:28:37Z         246         101          143        0.2(0.26)       1(4)             0             0        20558         28824            1         101         101
2012-02-06T06:28:57Z         246          95          149        0.3(0.26)       1(4)             0             0        21141         28824            1          95          95
2012-02-06T06:29:17Z         270         103          165        0.8(0.28)       3(4)             0             0        19117         28824            1          93          25
2012-02-06T06:29:37Z         319         130          187         1.1(0.3)       5(4)             0             0        19549         28824            1         105          43
2012-02-06T06:29:57Z         346         137          207          1(0.32)       5(4)             0             1        19413         28824            1         121          68
2012-02-06T06:30:17Z         346         125          219        0.6(0.33)       6(4)             0             0        13896         28824            1         118          62
2012-02-06T06:30:37Z         346         112          232       0.65(0.34)      10(4)             0             0        15047         28824            1         109          56
2012-02-06T06:30:57Z         346         103          241       0.45(0.34)       3(4)             0             0        15808         28824            1         101          51
2012-02-06T06:31:17Z         362         106          254       0.65(0.35)       1(4)             0             0        17435         28824            1         106          53
2012-02-06T06:31:37Z         362         105          255       0.05(0.34)       7(4)             0             0        17616         28824            1         105         105
2012-02-06T06:31:57Z         362          99          261        0.3(0.34)       2(4)             0             0        18191         28824            1          99          99
2012-02-06T06:32:17Z         367          96          269        0.4(0.34)       4(4)             0             0        19335         28824            1          94          48
2012-02-06T06:32:37Z         370          89          279        0.5(0.35)       2(4)             0             1        13765         28824            1          89          89
2012-02-06T06:32:57Z         374          88          284       0.25(0.35)       6(4)             0             0        14533         28824            1          88          88
2012-02-06T06:33:17Z         379          87          290        0.3(0.35)       1(4)             0             1        17402         28824            1          87          87
2012-02-06T06:33:37Z         379          86          291       0.05(0.34)      18(4)             0             0        17539         28824            1          86          86
2012-02-06T06:33:57Z         381          84          295        0.2(0.34)      12(4)             0             0        19221         28824            1          84          84
2012-02-06T06:34:17Z         381          83          296       0.05(0.33)       8(4)             0             0        19377         28824            1          83          83
2012-02-06T06:34:37Z         381          83          296          0(0.32)       0(4)             0             1        19533         28824            1          83          83
2012-02-06T06:34:57Z         381          82          297       0.05(0.32)       5(4)             0             1        19703         28824            1          82          82
2012-02-06T06:35:17Z         381          81          298       0.05(0.31)       6(4)             0             0        19829         28824            1          81          81
2012-02-06T06:35:37Z         381          80          299       0.05(0.31)       6(4)             0             0        20018         28824            1          80          80
2012-02-06T06:35:57Z         381          79          300        0.05(0.3)       7(4)             0             0        20187         28824            1          79          79
2012-02-06T06:36:17Z         381          78          301        0.05(0.3)       5(4)             0             0        20362         28824            1          78          78
2012-02-06T06:36:37Z         381          76          303        0.1(0.29)       8(5)             0             0        20658         28824            1          76          76
2012-02-06T06:36:57Z         381          75          304       0.05(0.29)      10(5)             0             0        20826         28824            1          75          75
2012-02-06T06:37:17Z         381          75          304          0(0.28)       0(5)             0             1        14099         28824            1          75          75
20120206063723 CRAWL WAITING - Pausing - Waiting for threads to finish
20120206063725 CRAWL RESUMED - Running
2012-02-06T06:37:26Z         381          75          304          0(0.28)       0(5)             0             1        14474         28824            1          75          75
20120206063726 CRAWL PAUSED - Paused
20120206063726 CRAWL RESUMED - Running
20120206063729 CRAWL WAITING - Pausing - Waiting for threads to finish
2012-02-06T06:37:29Z         381          74          305        0.5(0.28)     139(5)             0             0        14566         28824            1          74          74
20120206063729 CRAWL PAUSED - Paused
20120206063732 CRAWL ENDING - Finished - Ended by operator
2012-02-06T06:37:32Z         381          74          305          0(0.28)       0(5)             0             0        15213         28824            1          74          74
20120206063732 CRAWL ENDED - Finished - Ended by operator
